=======  ENTRY BEGIN =======

$_REQUEST DATA:
	'info_hash' = šãò@““ù>GTJºÞ€9qÕl

$_SERVER DATA:
	'MIBDIRS' = C:/xampp/php/extras/mibs
	'MYSQL_HOME' = \xampp\mysql\bin
	'OPENSSL_CONF' = C:/xampp/apache/bin/openssl.cnf
	'PHP_PEAR_SYSCONF_DIR' = \xampp\php
	'PHPRC' = \xampp\php
	'TMP' = \xampp\tmp
	'HTTP_HOST' = localhost
	'HTTP_USER_AGENT' = uTorrent/342(109418342)(38758)
	'HTTP_ACCEPT_ENCODING' = gzip
	'HTTP_CONNECTION' = Close
	'PATH' = C:\Program Files (x86)\NVIDIA Corporation\PhysX\Common;C:\Program Files\Common Files\Microsoft Shared\Windows Live;C:\Program Files (x86)\Common Files\Intel\Shared Libraries\redist\intel64\compiler;C:\Program Files (x86)\Common Files\Intel\Shared Libraries\redist\ia32\compiler;C:\windows\system32;C:\windows;C:\windows\System32\Wbem;C:\windows\System32\WindowsPowerShell\v1.0\;C:\Program Files\VanDyke Software\Clients\;C:\Program Files\TortoiseSVN\bin;C:\Program Files (x86)\QuickTime\QTSystem\;C:\Program Files\MATLAB\R2013a\runtime\win64;C:\Program Files\MATLAB\R2013a\bin;C:\Program Files (x86)\Microsoft SQL Server\100\Tools\Binn\;C:\Program Files (x86)\Microsoft SQL Server\100\DTS\Binn\;C:\Program Files (x86)\Intel\OpenCL SDK\2.0\bin\x86;C:\Program Files (x86)\Intel\OpenCL SDK\2.0\bin\x64;C:\Program Files (x86)\Common Files\Ulead Systems\MPEG;C:\Program Files\Lenovo\Bluetooth Software\;C:\Program Files\Lenovo\Bluetooth Software\syswow64;C:\strawberry\c\bin;C:\strawberry\perl\site\bin;C:\strawberry\perl\bin;C:\Dwimperl\perl\bin;C:\Dwimperl\perl\site\bin;C:\Dwimperl\c\bin;C:\Program Files (x86)\Toshiba\Bluetooth Toshiba Stack\sys\;C:\Program Files (x86)\Toshiba\Bluetooth Toshiba Stack\sys\x64\;C:\Program Files\MiKTeX 2.9\miktex\bin\x64\;C:\Program Files (x86)\Microsoft SQL Server\110\Tools\Binn\ManagementStudio\;C:\Program Files (x86)\Microsoft SQL Server\110\Tools\Binn\;C:\Program Files\Microsoft SQL Server\110\Tools\Binn\;C:\Program Files (x86)\Microsoft SQL Server\110\DTS\Binn\;C:\Program Files\Microsoft SQL Server\110\DTS\Binn\;C:\Program Files (x86)\Windows Kits\8.1\Windows Performance Toolkit\;C:\Program Files (x86)\Microsoft SDKs\TypeScript\1.0\;.;;.;;.;
	'SystemRoot' = C:\windows
	'COMSPEC' = C:\windows\system32\cmd.exe
	'PATHEXT' = .COM;.EXE;.BAT;.CMD;.VBS;.VBE;.JS;.JSE;.WSF;.WSH;.MSC
	'WINDIR' = C:\windows
	'SERVER_SIGNATURE' = <address>Apache/2.4.10 (Win32) OpenSSL/1.0.1i PHP/5.6.3 Server at localhost Port 80</address>

	'SERVER_SOFTWARE' = Apache/2.4.10 (Win32) OpenSSL/1.0.1i PHP/5.6.3
	'SERVER_NAME' = localhost
	'SERVER_ADDR' = 127.0.0.1
	'SERVER_PORT' = 80
	'REMOTE_ADDR' = 127.0.0.1
	'DOCUMENT_ROOT' = C:/xampp/htdocs
	'REQUEST_SCHEME' = http
	'CONTEXT_PREFIX' = 
	'CONTEXT_DOCUMENT_ROOT' = C:/xampp/htdocs
	'SERVER_ADMIN' = postmaster@localhost
	'SCRIPT_FILENAME' = C:/xampp/htdocs/CODE_NAME-TPB/tracker/scrape.php
	'REMOTE_PORT' = 51965
	'GATEWAY_INTERFACE' = CGI/1.1
	'SERVER_PROTOCOL' = HTTP/1.1
	'REQUEST_METHOD' = GET
	'QUERY_STRING' = info_hash=%11%9a%e3%f2%40%93%81%93%f9%3eGTJ%ba%de%809q%d5l
	'REQUEST_URI' = /CODE_NAME-TPB/tracker/scrape.php?info_hash=%11%9a%e3%f2%40%93%81%93%f9%3eGTJ%ba%de%809q%d5l
	'SCRIPT_NAME' = /CODE_NAME-TPB/tracker/scrape.php
	'PHP_SELF' = /CODE_NAME-TPB/tracker/scrape.php
	'REQUEST_TIME_FLOAT' = 1424831854.005
	'REQUEST_TIME' = 1424831854

=======  ENTRY END =======


=======  ENTRY BEGIN =======

$_REQUEST DATA:
	'info_hash' = ç‚¯’h]lQ1ÙÓ›H$éºüÏ

$_SERVER DATA:
	'MIBDIRS' = C:/xampp/php/extras/mibs
	'MYSQL_HOME' = \xampp\mysql\bin
	'OPENSSL_CONF' = C:/xampp/apache/bin/openssl.cnf
	'PHP_PEAR_SYSCONF_DIR' = \xampp\php
	'PHPRC' = \xampp\php
	'TMP' = \xampp\tmp
	'HTTP_HOST' = localhost
	'HTTP_USER_AGENT' = uTorrent/342(109418342)(38758)
	'HTTP_ACCEPT_ENCODING' = gzip
	'HTTP_CONNECTION' = Close
	'PATH' = C:\Program Files (x86)\NVIDIA Corporation\PhysX\Common;C:\Program Files\Common Files\Microsoft Shared\Windows Live;C:\Program Files (x86)\Common Files\Intel\Shared Libraries\redist\intel64\compiler;C:\Program Files (x86)\Common Files\Intel\Shared Libraries\redist\ia32\compiler;C:\windows\system32;C:\windows;C:\windows\System32\Wbem;C:\windows\System32\WindowsPowerShell\v1.0\;C:\Program Files\VanDyke Software\Clients\;C:\Program Files\TortoiseSVN\bin;C:\Program Files (x86)\QuickTime\QTSystem\;C:\Program Files\MATLAB\R2013a\runtime\win64;C:\Program Files\MATLAB\R2013a\bin;C:\Program Files (x86)\Microsoft SQL Server\100\Tools\Binn\;C:\Program Files (x86)\Microsoft SQL Server\100\DTS\Binn\;C:\Program Files (x86)\Intel\OpenCL SDK\2.0\bin\x86;C:\Program Files (x86)\Intel\OpenCL SDK\2.0\bin\x64;C:\Program Files (x86)\Common Files\Ulead Systems\MPEG;C:\Program Files\Lenovo\Bluetooth Software\;C:\Program Files\Lenovo\Bluetooth Software\syswow64;C:\strawberry\c\bin;C:\strawberry\perl\site\bin;C:\strawberry\perl\bin;C:\Dwimperl\perl\bin;C:\Dwimperl\perl\site\bin;C:\Dwimperl\c\bin;C:\Program Files (x86)\Toshiba\Bluetooth Toshiba Stack\sys\;C:\Program Files (x86)\Toshiba\Bluetooth Toshiba Stack\sys\x64\;C:\Program Files\MiKTeX 2.9\miktex\bin\x64\;C:\Program Files (x86)\Microsoft SQL Server\110\Tools\Binn\ManagementStudio\;C:\Program Files (x86)\Microsoft SQL Server\110\Tools\Binn\;C:\Program Files\Microsoft SQL Server\110\Tools\Binn\;C:\Program Files (x86)\Microsoft SQL Server\110\DTS\Binn\;C:\Program Files\Microsoft SQL Server\110\DTS\Binn\;C:\Program Files (x86)\Windows Kits\8.1\Windows Performance Toolkit\;C:\Program Files (x86)\Microsoft SDKs\TypeScript\1.0\;.;;.;;.;
	'SystemRoot' = C:\windows
	'COMSPEC' = C:\windows\system32\cmd.exe
	'PATHEXT' = .COM;.EXE;.BAT;.CMD;.VBS;.VBE;.JS;.JSE;.WSF;.WSH;.MSC
	'WINDIR' = C:\windows
	'SERVER_SIGNATURE' = <address>Apache/2.4.10 (Win32) OpenSSL/1.0.1i PHP/5.6.3 Server at localhost Port 80</address>

	'SERVER_SOFTWARE' = Apache/2.4.10 (Win32) OpenSSL/1.0.1i PHP/5.6.3
	'SERVER_NAME' = localhost
	'SERVER_ADDR' = 127.0.0.1
	'SERVER_PORT' = 80
	'REMOTE_ADDR' = 127.0.0.1
	'DOCUMENT_ROOT' = C:/xampp/htdocs
	'REQUEST_SCHEME' = http
	'CONTEXT_PREFIX' = 
	'CONTEXT_DOCUMENT_ROOT' = C:/xampp/htdocs
	'SERVER_ADMIN' = postmaster@localhost
	'SCRIPT_FILENAME' = C:/xampp/htdocs/CODE_NAME-TPB/tracker/scrape.php
	'REMOTE_PORT' = 52161
	'GATEWAY_INTERFACE' = CGI/1.1
	'SERVER_PROTOCOL' = HTTP/1.1
	'REQUEST_METHOD' = GET
	'QUERY_STRING' = info_hash=%e7%82%1a%af%92h%5dlQ1%d9%d3%9bH%0c%24%e9%ba%fc%cf
	'REQUEST_URI' = /CODE_NAME-TPB/tracker/scrape.php?info_hash=%e7%82%1a%af%92h%5dlQ1%d9%d3%9bH%0c%24%e9%ba%fc%cf
	'SCRIPT_NAME' = /CODE_NAME-TPB/tracker/scrape.php
	'PHP_SELF' = /CODE_NAME-TPB/tracker/scrape.php
	'REQUEST_TIME_FLOAT' = 1424832726.054
	'REQUEST_TIME' = 1424832726

=======  ENTRY END =======


